Arguments: 
  C:\Program Files\nodejs\node.exe C:\Program Files (x86)\Yarn\bin\yarn.js add @types/expres -D

PATH: 
  C:\Python27\;C:\Python27\Scripts;C:\Program Files (x86)\Common Files\Oracle\Java\javapath;C:\Windows\system32;C:\Windows;C:\Windows\System32\Wbem;C:\Windows\System32\WindowsPowerShell\v1.0\;C:\Windows\System32\OpenSSH\;C:\Program Files (x86)\Yarn\bin\;C:\Program Files\Git\cmd;C:\Program Files\Azure Data Studio\bin;C:\Program Files\dotnet\;C:\Program Files\Microsoft SQL Server\130\Tools\Binn\;C:\ProgramData\chocolatey\bin;C:\Program Files\nodejs\;C:\Program Files\Java\jdk1.8.0_211\bin;C:\Users\luizt\AppData\Local\Android\Sdk\platforms;C:\Program Files (x86)\dotnet\;C:\Program Files\Docker\Docker\resources\bin;C:\ProgramData\DockerDesktop\version-bin;C:\Users\luizt\AppData\Local\Microsoft\WindowsApps;C:\Users\luizt\AppData\Local\Programs\Microsoft VS Code\bin;C:\development\flutter_windows_1.22.4-stable\flutter\bin;C:\Users\luizt\AppData\Local\GitHubDesktop\bin;C:\Users\luizt\AppData\Local\hyper\app-3.0.2\resources\bin;C:\Users\luizt\AppData\Local\Yarn\bin;C:\Program Files\Azure Data Studio\bin;C:\Users\luizt\.dotnet\tools;C:\Users\luizt\AppData\Roaming\npm;C:\Users\luizt\AppData\Local\Android\Sdk\emulator;C:\Users\luizt\AppData\Local\Android\Sdk\tools;C:\Users\luizt\AppData\Local\Android\Sdk\tools\bin;C:\Users\luizt\AppData\Local\Android\Sdk\platform\tools;

Yarn version: 
  1.22.5

Node version: 
  15.13.0

Platform: 
  win32 x64

Trace: 
  Error: https://registry.yarnpkg.com/@types%2fexpres: Not found
      at Request.params.callback [as _callback] (C:\Program Files (x86)\Yarn\lib\cli.js:66097:18)
      at Request.self.callback (C:\Program Files (x86)\Yarn\lib\cli.js:140749:22)
      at Request.emit (node:events:369:20)
      at Request.<anonymous> (C:\Program Files (x86)\Yarn\lib\cli.js:141721:10)
      at Request.emit (node:events:369:20)
      at IncomingMessage.<anonymous> (C:\Program Files (x86)\Yarn\lib\cli.js:141643:12)
      at Object.onceWrapper (node:events:475:28)
      at IncomingMessage.emit (node:events:381:22)
      at endReadableNT (node:internal/streams/readable:1307:12)
      at processTicksAndRejections (node:internal/process/task_queues:81:21)

npm manifest: 
  {
    "name": "api_typescript_nlw4",
    "version": "1.0.0",
    "main": "index.js",
    "repository": "https://github.com/LuizTimboAlcantara/api_typescript_nlw4.git",
    "author": "LuizTimboAlcantara <joseluiztimbo@gmail.com>",
    "license": "MIT",
    "scripts": {
      "style:check": "prettier --check 'src/**/*.ts'",
      "style:fix": "prettier --write 'src/**/*.ts'"
    },
    "dependencies": {
      "expres": "^0.0.5"
    },
    "devDependencies": {
      "prettier": "^2.3.0"
    }
  }

yarn manifest: 
  No manifest

Lockfile: 
  # THIS IS AN AUTOGENERATED FILE. DO NOT EDIT THIS FILE DIRECTLY.
  # yarn lockfile v1
  
  
  expres@^0.0.5:
    version "0.0.5"
    resolved "https://registry.yarnpkg.com/expres/-/expres-0.0.5.tgz#bf4484749f83920cb116d6baf6da230220d1fb9c"
    integrity sha1-v0SEdJ+DkgyxFta69tojAiDR+5w=
  
  prettier@^2.3.0:
    version "2.3.0"
    resolved "https://registry.yarnpkg.com/prettier/-/prettier-2.3.0.tgz#b6a5bf1284026ae640f17f7ff5658a7567fc0d18"
    integrity sha512-kXtO4s0Lz/DW/IJ9QdWhAf7/NmPWQXkFr/r/WkR3vyI+0v8amTDxiaQSLzs8NBlytfLWX/7uQUMIW677yLKl4w==
